[0823/031933.572:ERROR:process_info.cc(329)] VirtualQueryEx: Отказано в доступе. (0x5)
[0823/031933.574:ERROR:process_info.cc(556)] ReadMemoryInfo failed
[0823/031933.574:ERROR:scoped_process_suspend.cc(40)] NtResumeProcess: Попытка доступа к процессу, выполняющему процедуру завершения. (0xc000010a)
[0823/031933.614:ERROR:process_reader_win.cc(123)] NtOpenThread: {Отказано в доступе} Процесс запросил доступ к объекту, но права на доступ не предоставлены. (0xc0000022)
[0823/031933.615:ERROR:exception_snapshot_win.cc(98)] thread ID 15700 not found in process
[0823/031946.251:ERROR:process_reader_win.cc(123)] NtOpenThread: {Отказано в доступе} Процесс запросил доступ к объекту, но права на доступ не предоставлены. (0xc0000022)
[0823/031946.252:ERROR:exception_snapshot_win.cc(98)] thread ID 16140 not found in process
[0823/031947.769:ERROR:process_reader_win.cc(123)] NtOpenThread: {Отказано в доступе} Процесс запросил доступ к объекту, но права на доступ не предоставлены. (0xc0000022)
[0823/031947.769:ERROR:exception_snapshot_win.cc(98)] thread ID 14412 not found in process
[0823/031949.165:ERROR:process_reader_win.cc(123)] NtOpenThread: {Отказано в доступе} Процесс запросил доступ к объекту, но права на доступ не предоставлены. (0xc0000022)
[0823/031949.165:ERROR:exception_snapshot_win.cc(98)] thread ID 23444 not found in process
[0823/031950.338:ERROR:process_reader_win.cc(123)] NtOpenThread: {Отказано в доступе} Процесс запросил доступ к объекту, но права на доступ не предоставлены. (0xc0000022)
[0823/031950.338:ERROR:exception_snapshot_win.cc(98)] thread ID 528 not found in process
[0823/031953.394:ERROR:process_reader_win.cc(151)] SuspendThread: Отказано в доступе. (0x5)
[0823/031953.394:ERROR:process_reader_win.cc(123)] NtOpenThread: {Отказано в доступе} Процесс запросил доступ к объекту, но права на доступ не предоставлены. (0xc0000022)
[0823/031953.394:ERROR:exception_snapshot_win.cc(98)] thread ID 14632 not found in process
[0823/031955.434:ERROR:process_reader_win.cc(123)] NtOpenThread: {Отказано в доступе} Процесс запросил доступ к объекту, но права на доступ не предоставлены. (0xc0000022)
[0823/031955.435:ERROR:exception_snapshot_win.cc(98)] thread ID 5196 not found in process
[0827/011611.603:ERROR:process_reader_win.cc(123)] NtOpenThread: {Отказано в доступе} Процесс запросил доступ к объекту, но права на доступ не предоставлены. (0xc0000022)
[0827/011611.606:ERROR:exception_snapshot_win.cc(98)] thread ID 3576 not found in process
[0827/011611.662:ERROR:process_reader_win.cc(123)] NtOpenThread: {Отказано в доступе} Процесс запросил доступ к объекту, но права на доступ не предоставлены. (0xc0000022)
[0827/011611.662:ERROR:exception_snapshot_win.cc(98)] thread ID 4152 not found in process
[0827/011855.175:ERROR:process_reader_win.cc(123)] NtOpenThread: {Отказано в доступе} Процесс запросил доступ к объекту, но права на доступ не предоставлены. (0xc0000022)
[0827/011855.177:ERROR:exception_snapshot_win.cc(98)] thread ID 14556 not found in process
[0827/011855.221:ERROR:process_reader_win.cc(151)] SuspendThread: Отказано в доступе. (0x5)
[0827/011855.222:ERROR:process_reader_win.cc(151)] SuspendThread: Отказано в доступе. (0x5)
[0827/011855.222:ERROR:process_reader_win.cc(151)] SuspendThread: Отказано в доступе. (0x5)
[0827/011855.222:ERROR:process_reader_win.cc(123)] NtOpenThread: {Отказано в доступе} Процесс запросил доступ к объекту, но права на доступ не предоставлены. (0xc0000022)
[0827/011855.222:ERROR:exception_snapshot_win.cc(98)] thread ID 12356 not found in process
[0827/024049.587:ERROR:process_info.cc(359)] UncheckedAllocate
[0827/095312.369:ERROR:process_info.cc(359)] UncheckedAllocate
[0827/095318.371:ERROR:process_info.cc(359)] UncheckedAllocate
[0827/095817.453:ERROR:process_info.cc(359)] UncheckedAllocate
[0827/100026.837:ERROR:process_info.cc(359)] UncheckedAllocate
[0827/101636.527:ERROR:process_reader_win.cc(123)] NtOpenThread: {Отказано в доступе} Процесс запросил доступ к объекту, но права на доступ не предоставлены. (0xc0000022)
[0827/101636.534:ERROR:exception_snapshot_win.cc(98)] thread ID 13468 not found in process
[0827/101636.593:ERROR:process_reader_win.cc(151)] SuspendThread: Отказано в доступе. (0x5)
[0827/101636.595:ERROR:process_reader_win.cc(151)] SuspendThread: Отказано в доступе. (0x5)
[0827/101636.595:ERROR:process_reader_win.cc(123)] NtOpenThread: {Отказано в доступе} Процесс запросил доступ к объекту, но права на доступ не предоставлены. (0xc0000022)
[0827/101636.595:ERROR:exception_snapshot_win.cc(98)] thread ID 4204 not found in process
[0827/101636.736:ERROR:process_reader_win.cc(151)] SuspendThread: Отказано в доступе. (0x5)
[0827/101636.736:ERROR:process_reader_win.cc(123)] NtOpenThread: {Отказано в доступе} Процесс запросил доступ к объекту, но права на доступ не предоставлены. (0xc0000022)
[0827/101636.736:ERROR:exception_snapshot_win.cc(98)] thread ID 10432 not found in process
[0827/104001.693:ERROR:process_info.cc(359)] UncheckedAllocate
[0827/104038.938:ERROR:process_info.cc(359)] UncheckedAllocate
[0827/104038.955:ERROR:process_info.cc(359)] UncheckedAllocate
[0827/121049.049:ERROR:process_info.cc(359)] UncheckedAllocate
[0827/122254.011:ERROR:process_info.cc(359)] UncheckedAllocate
[0827/122254.012:ERROR:process_info.cc(359)] UncheckedAllocate
[0827/122319.852:ERROR:process_info.cc(359)] UncheckedAllocate
[0827/122413.266:ERROR:process_info.cc(359)] UncheckedAllocate
[0827/122413.301:ERROR:process_info.cc(359)] UncheckedAllocate
[0827/134532.944:ERROR:process_info.cc(359)] UncheckedAllocate
[0827/134552.713:ERROR:process_info.cc(359)] UncheckedAllocate
[0827/134850.118:ERROR:process_reader_win.cc(123)] NtOpenThread: {Отказано в доступе} Процесс запросил доступ к объекту, но права на доступ не предоставлены. (0xc0000022)
[0827/134850.120:ERROR:exception_snapshot_win.cc(98)] thread ID 11144 not found in process
[0827/134850.152:ERROR:process_reader_win.cc(123)] NtOpenThread: {Отказано в доступе} Процесс запросил доступ к объекту, но права на доступ не предоставлены. (0xc0000022)
[0827/134850.152:ERROR:exception_snapshot_win.cc(98)] thread ID 17344 not found in process
[0827/135823.631:ERROR:process_info.cc(359)] UncheckedAllocate
[0827/135824.396:ERROR:process_info.cc(359)] UncheckedAllocate
[0827/135947.029:ERROR:process_info.cc(359)] UncheckedAllocate
[0827/135947.433:ERROR:process_info.cc(359)] UncheckedAllocate
[0827/135953.418:ERROR:process_info.cc(359)] UncheckedAllocate
[0827/135956.741:ERROR:process_reader_win.cc(151)] SuspendThread: Отказано в доступе. (0x5)
[0827/135956.742:ERROR:process_reader_win.cc(151)] SuspendThread: Отказано в доступе. (0x5)
[0827/135956.742:ERROR:process_reader_win.cc(123)] NtOpenThread: {Отказано в доступе} Процесс запросил доступ к объекту, но права на доступ не предоставлены. (0xc0000022)
[0827/135956.747:ERROR:exception_snapshot_win.cc(98)] thread ID 15036 not found in process
[0828/135640.444:ERROR:process_info.cc(359)] UncheckedAllocate
[0828/135730.328:ERROR:process_info.cc(359)] UncheckedAllocate
[0828/135814.155:ERROR:crashpad_client_win.cc(513)] CreateProcess: Файл подкачки слишком мал для завершения операции. (0x5AF)
[0828/142215.881:ERROR:process_info.cc(359)] UncheckedAllocate
[0828/142422.619:ERROR:process_reader_win.cc(151)] SuspendThread: Отказано в доступе. (0x5)
[0828/142422.620:ERROR:process_reader_win.cc(123)] NtOpenThread: {Отказано в доступе} Процесс запросил доступ к объекту, но права на доступ не предоставлены. (0xc0000022)
[0828/142422.622:ERROR:exception_snapshot_win.cc(99)] thread ID 8652 not found in process
[0828/142422.619:ERROR:process_reader_win.cc(151)] SuspendThread: Отказано в доступе. (0x5)
[0828/142422.623:ERROR:process_reader_win.cc(151)] SuspendThread: Отказано в доступе. (0x5)
[0828/142422.623:ERROR:process_reader_win.cc(123)] NtOpenThread: {Отказано в доступе} Процесс запросил доступ к объекту, но права на доступ не предоставлены. (0xc0000022)
[0828/142422.623:ERROR:exception_snapshot_win.cc(99)] thread ID 5404 not found in process
[0828/142422.646:ERROR:process_reader_win.cc(151)] SuspendThread: Отказано в доступе. (0x5)
[0828/142422.654:ERROR:process_reader_win.cc(151)] SuspendThread: Отказано в доступе. (0x5)
[0828/142422.657:ERROR:process_reader_win.cc(151)] SuspendThread: Отказано в доступе. (0x5)
[0828/142422.657:ERROR:process_reader_win.cc(151)] SuspendThread: Отказано в доступе. (0x5)
[0828/142422.658:ERROR:process_reader_win.cc(123)] NtOpenThread: {Отказано в доступе} Процесс запросил доступ к объекту, но права на доступ не предоставлены. (0xc0000022)
[0828/142422.658:ERROR:exception_snapshot_win.cc(99)] thread ID 7268 not found in process
[0828/143526.876:ERROR:process_reader_win.cc(151)] SuspendThread: Отказано в доступе. (0x5)
[0828/143526.891:ERROR:process_reader_win.cc(151)] SuspendThread: Отказано в доступе. (0x5)
[0828/143526.891:ERROR:process_reader_win.cc(123)] NtOpenThread: {Отказано в доступе} Процесс запросил доступ к объекту, но права на доступ не предоставлены. (0xc0000022)
[0828/143526.900:ERROR:exception_snapshot_win.cc(99)] thread ID 13932 not found in process
[0828/153623.181:ERROR:process_reader_win.cc(151)] SuspendThread: Отказано в доступе. (0x5)
[0828/153623.186:ERROR:process_reader_win.cc(151)] SuspendThread: Отказано в доступе. (0x5)
[0828/153623.186:ERROR:process_reader_win.cc(123)] NtOpenThread: {Отказано в доступе} Процесс запросил доступ к объекту, но права на доступ не предоставлены. (0xc0000022)
[0828/153623.198:ERROR:exception_snapshot_win.cc(99)] thread ID 3580 not found in process
[0828/153623.252:ERROR:process_reader_win.cc(151)] SuspendThread: Отказано в доступе. (0x5)
[0828/153623.252:ERROR:process_reader_win.cc(151)] SuspendThread: Отказано в доступе. (0x5)
[0828/153623.252:ERROR:process_reader_win.cc(151)] SuspendThread: Отказано в доступе. (0x5)
[0828/153623.252:ERROR:process_reader_win.cc(151)] SuspendThread: Отказано в доступе. (0x5)
[0828/153623.252:ERROR:process_reader_win.cc(123)] NtOpenThread: {Отказано в доступе} Процесс запросил доступ к объекту, но права на доступ не предоставлены. (0xc0000022)
[0828/153623.252:ERROR:exception_snapshot_win.cc(99)] thread ID 1872 not found in process
[0828/234650.175:ERROR:process_reader_win.cc(151)] SuspendThread: Отказано в доступе. (0x5)
[0828/234650.178:ERROR:process_reader_win.cc(151)] SuspendThread: Отказано в доступе. (0x5)
[0828/234650.178:ERROR:process_reader_win.cc(123)] NtOpenThread: {Отказано в доступе} Процесс запросил доступ к объекту, но права на доступ не предоставлены. (0xc0000022)
[0828/234650.179:ERROR:exception_snapshot_win.cc(99)] thread ID 4772 not found in process
[0828/234650.251:ERROR:process_reader_win.cc(123)] NtOpenThread: {Отказано в доступе} Процесс запросил доступ к объекту, но права на доступ не предоставлены. (0xc0000022)
[0828/234650.252:ERROR:exception_snapshot_win.cc(99)] thread ID 6036 not found in process
[0829/000228.849:ERROR:process_reader_win.cc(123)] NtOpenThread: {Отказано в доступе} Процесс запросил доступ к объекту, но права на доступ не предоставлены. (0xc0000022)
[0829/000228.861:ERROR:exception_snapshot_win.cc(99)] thread ID 13052 not found in process
[0829/000504.165:ERROR:process_reader_win.cc(151)] SuspendThread: Отказано в доступе. (0x5)
[0829/000504.166:ERROR:process_reader_win.cc(123)] NtOpenThread: {Отказано в доступе} Процесс запросил доступ к объекту, но права на доступ не предоставлены. (0xc0000022)
[0829/000504.167:ERROR:exception_snapshot_win.cc(99)] thread ID 12880 not found in process
[0829/000504.181:ERROR:process_reader_win.cc(123)] NtOpenThread: {Отказано в доступе} Процесс запросил доступ к объекту, но права на доступ не предоставлены. (0xc0000022)
[0829/000504.181:ERROR:exception_snapshot_win.cc(99)] thread ID 11320 not found in process
[0829/010810.933:ERROR:process_reader_win.cc(151)] SuspendThread: Отказано в доступе. (0x5)
[0829/010810.935:ERROR:process_reader_win.cc(151)] SuspendThread: Отказано в доступе. (0x5)
[0829/010810.935:ERROR:process_reader_win.cc(123)] NtOpenThread: {Отказано в доступе} Процесс запросил доступ к объекту, но права на доступ не предоставлены. (0xc0000022)
[0829/010810.936:ERROR:exception_snapshot_win.cc(99)] thread ID 14432 not found in process
[0829/010810.958:ERROR:process_reader_win.cc(123)] NtOpenThread: {Отказано в доступе} Процесс запросил доступ к объекту, но права на доступ не предоставлены. (0xc0000022)
[0829/010810.966:ERROR:exception_snapshot_win.cc(99)] thread ID 14428 not found in process
[0829/013804.161:ERROR:process_reader_win.cc(151)] SuspendThread: Отказано в доступе. (0x5)
[0829/013804.164:ERROR:process_reader_win.cc(151)] SuspendThread: Отказано в доступе. (0x5)
[0829/013804.164:ERROR:process_reader_win.cc(123)] NtOpenThread: {Отказано в доступе} Процесс запросил доступ к объекту, но права на доступ не предоставлены. (0xc0000022)
[0829/013804.166:ERROR:exception_snapshot_win.cc(99)] thread ID 14164 not found in process
[0829/021234.496:ERROR:process_reader_win.cc(151)] SuspendThread: Отказано в доступе. (0x5)
[0829/021234.498:ERROR:process_reader_win.cc(151)] SuspendThread: Отказано в доступе. (0x5)
[0829/021234.498:ERROR:process_reader_win.cc(151)] SuspendThread: Отказано в доступе. (0x5)
[0829/021234.498:ERROR:process_reader_win.cc(151)] SuspendThread: Отказано в доступе. (0x5)
[0829/021234.498:ERROR:process_reader_win.cc(151)] SuspendThread: Отказано в доступе. (0x5)
[0829/021234.498:ERROR:process_reader_win.cc(151)] SuspendThread: Отказано в доступе. (0x5)
[0829/021234.498:ERROR:process_reader_win.cc(151)] SuspendThread: Отказано в доступе. (0x5)
[0829/021234.498:ERROR:process_reader_win.cc(123)] NtOpenThread: {Отказано в доступе} Процесс запросил доступ к объекту, но права на доступ не предоставлены. (0xc0000022)
[0829/021234.499:ERROR:exception_snapshot_win.cc(99)] thread ID 1120 not found in process
[0829/023051.588:ERROR:process_info.cc(359)] UncheckedAllocate
[0829/023051.588:ERROR:process_info.cc(359)] UncheckedAllocate
[0829/023052.321:ERROR:process_reader_win.cc(123)] NtOpenThread: {Отказано в доступе} Процесс запросил доступ к объекту, но права на доступ не предоставлены. (0xc0000022)
[0829/023052.347:ERROR:exception_snapshot_win.cc(99)] thread ID 15328 not found in process
[0829/023053.007:ERROR:process_reader_win.cc(151)] SuspendThread: Отказано в доступе. (0x5)
[0829/023053.008:ERROR:process_reader_win.cc(151)] SuspendThread: Отказано в доступе. (0x5)
[0829/023053.008:ERROR:process_reader_win.cc(151)] SuspendThread: Отказано в доступе. (0x5)
[0829/023053.008:ERROR:process_reader_win.cc(151)] SuspendThread: Отказано в доступе. (0x5)
[0829/023053.008:ERROR:process_reader_win.cc(123)] NtOpenThread: {Отказано в доступе} Процесс запросил доступ к объекту, но права на доступ не предоставлены. (0xc0000022)
[0829/023053.010:ERROR:exception_snapshot_win.cc(99)] thread ID 16736 not found in process
[0829/023229.085:ERROR:process_reader_win.cc(151)] SuspendThread: Отказано в доступе. (0x5)
[0829/023229.087:ERROR:process_reader_win.cc(151)] SuspendThread: Отказано в доступе. (0x5)
[0829/023229.087:ERROR:process_reader_win.cc(123)] NtOpenThread: {Отказано в доступе} Процесс запросил доступ к объекту, но права на доступ не предоставлены. (0xc0000022)
[0829/023229.090:ERROR:exception_snapshot_win.cc(99)] thread ID 3628 not found in process
[0829/023229.175:ERROR:process_reader_win.cc(151)] SuspendThread: Отказано в доступе. (0x5)
[0829/023229.175:ERROR:process_reader_win.cc(151)] SuspendThread: Отказано в доступе. (0x5)
[0829/023229.176:ERROR:process_reader_win.cc(123)] NtOpenThread: {Отказано в доступе} Процесс запросил доступ к объекту, но права на доступ не предоставлены. (0xc0000022)
[0829/023229.176:ERROR:exception_snapshot_win.cc(99)] thread ID 11688 not found in process
[0829/032209.081:ERROR:process_info.cc(359)] UncheckedAllocate
[0829/032210.032:ERROR:process_reader_win.cc(123)] NtOpenThread: {Отказано в доступе} Процесс запросил доступ к объекту, но права на доступ не предоставлены. (0xc0000022)
[0829/032210.070:ERROR:exception_snapshot_win.cc(99)] thread ID 11288 not found in process
[0829/032210.207:ERROR:process_reader_win.cc(151)] SuspendThread: Отказано в доступе. (0x5)
[0829/032210.209:ERROR:process_reader_win.cc(151)] SuspendThread: Отказано в доступе. (0x5)
[0829/032210.209:ERROR:process_reader_win.cc(123)] NtOpenThread: {Отказано в доступе} Процесс запросил доступ к объекту, но права на доступ не предоставлены. (0xc0000022)
[0829/032210.210:ERROR:exception_snapshot_win.cc(99)] thread ID 15096 not found in process
[0829/032210.277:ERROR:process_reader_win.cc(151)] SuspendThread: Отказано в доступе. (0x5)
[0829/032210.278:ERROR:process_reader_win.cc(151)] SuspendThread: Отказано в доступе. (0x5)
[0829/032210.278:ERROR:process_reader_win.cc(151)] SuspendThread: Отказано в доступе. (0x5)
[0829/032210.278:ERROR:process_reader_win.cc(151)] SuspendThread: Отказано в доступе. (0x5)
[0829/032210.278:ERROR:process_reader_win.cc(123)] NtOpenThread: {Отказано в доступе} Процесс запросил доступ к объекту, но права на доступ не предоставлены. (0xc0000022)
[0829/032210.278:ERROR:exception_snapshot_win.cc(99)] thread ID 18948 not found in process
[0829/032210.367:ERROR:process_reader_win.cc(151)] SuspendThread: Отказано в доступе. (0x5)
[0829/032210.367:ERROR:process_reader_win.cc(151)] SuspendThread: Отказано в доступе. (0x5)
[0829/032210.367:ERROR:process_reader_win.cc(151)] SuspendThread: Отказано в доступе. (0x5)
[0829/032210.367:ERROR:process_reader_win.cc(123)] NtOpenThread: {Отказано в доступе} Процесс запросил доступ к объекту, но права на доступ не предоставлены. (0xc0000022)
[0829/032210.367:ERROR:exception_snapshot_win.cc(99)] thread ID 11352 not found in process
[0829/034222.476:ERROR:process_reader_win.cc(123)] NtOpenThread: {Отказано в доступе} Процесс запросил доступ к объекту, но права на доступ не предоставлены. (0xc0000022)
[0829/034222.497:ERROR:exception_snapshot_win.cc(99)] thread ID 15620 not found in process
[0829/034222.595:ERROR:process_reader_win.cc(151)] SuspendThread: Отказано в доступе. (0x5)
[0829/034222.596:ERROR:process_reader_win.cc(151)] SuspendThread: Отказано в доступе. (0x5)
[0829/034222.596:ERROR:process_reader_win.cc(151)] SuspendThread: Отказано в доступе. (0x5)
[0829/034222.596:ERROR:process_reader_win.cc(151)] SuspendThread: Отказано в доступе. (0x5)
[0829/034222.596:ERROR:process_reader_win.cc(123)] NtOpenThread: {Отказано в доступе} Процесс запросил доступ к объекту, но права на доступ не предоставлены. (0xc0000022)
[0829/034222.597:ERROR:exception_snapshot_win.cc(99)] thread ID 13728 not found in process
[0829/034618.862:ERROR:process_reader_win.cc(151)] SuspendThread: Отказано в доступе. (0x5)
[0829/034618.867:ERROR:process_reader_win.cc(151)] SuspendThread: Отказано в доступе. (0x5)
[0829/034618.867:ERROR:process_reader_win.cc(123)] NtOpenThread: {Отказано в доступе} Процесс запросил доступ к объекту, но права на доступ не предоставлены. (0xc0000022)
[0829/034618.870:ERROR:exception_snapshot_win.cc(99)] thread ID 17520 not found in process
[0829/034618.873:ERROR:process_reader_win.cc(151)] SuspendThread: Отказано в доступе. (0x5)
[0829/034618.873:ERROR:process_reader_win.cc(151)] SuspendThread: Отказано в доступе. (0x5)
[0829/034618.873:ERROR:process_reader_win.cc(151)] SuspendThread: Отказано в доступе. (0x5)
[0829/034618.873:ERROR:process_reader_win.cc(123)] NtOpenThread: {Отказано в доступе} Процесс запросил доступ к объекту, но права на доступ не предоставлены. (0xc0000022)
[0829/034618.873:ERROR:exception_snapshot_win.cc(99)] thread ID 12568 not found in process
[0829/035342.350:ERROR:process_reader_win.cc(151)] SuspendThread: Отказано в доступе. (0x5)
[0829/035342.359:ERROR:process_reader_win.cc(151)] SuspendThread: Отказано в доступе. (0x5)
[0829/035342.359:ERROR:process_reader_win.cc(123)] NtOpenThread: {Отказано в доступе} Процесс запросил доступ к объекту, но права на доступ не предоставлены. (0xc0000022)
[0829/035342.362:ERROR:exception_snapshot_win.cc(99)] thread ID 8588 not found in process
[0829/035342.367:ERROR:process_reader_win.cc(151)] SuspendThread: Отказано в доступе. (0x5)
[0829/035342.367:ERROR:process_reader_win.cc(151)] SuspendThread: Отказано в доступе. (0x5)
[0829/035342.367:ERROR:process_reader_win.cc(151)] SuspendThread: Отказано в доступе. (0x5)
[0829/035342.367:ERROR:process_reader_win.cc(151)] SuspendThread: Отказано в доступе. (0x5)
[0829/035342.367:ERROR:process_reader_win.cc(123)] NtOpenThread: {Отказано в доступе} Процесс запросил доступ к объекту, но права на доступ не предоставлены. (0xc0000022)
[0829/035342.367:ERROR:exception_snapshot_win.cc(99)] thread ID 13196 not found in process
[0829/035907.022:ERROR:process_reader_win.cc(151)] SuspendThread: Отказано в доступе. (0x5)
[0829/035907.024:ERROR:process_reader_win.cc(123)] NtOpenThread: {Отказано в доступе} Процесс запросил доступ к объекту, но права на доступ не предоставлены. (0xc0000022)
[0829/035907.025:ERROR:exception_snapshot_win.cc(99)] thread ID 18204 not found in process
[0829/035907.038:ERROR:process_reader_win.cc(151)] SuspendThread: Отказано в доступе. (0x5)
[0829/035907.039:ERROR:process_reader_win.cc(151)] SuspendThread: Отказано в доступе. (0x5)
[0829/035907.039:ERROR:process_reader_win.cc(123)] NtOpenThread: {Отказано в доступе} Процесс запросил доступ к объекту, но права на доступ не предоставлены. (0xc0000022)
[0829/035907.039:ERROR:exception_snapshot_win.cc(99)] thread ID 17360 not found in process
[0829/035907.065:ERROR:process_reader_win.cc(151)] SuspendThread: Отказано в доступе. (0x5)
[0829/035907.065:ERROR:process_reader_win.cc(151)] SuspendThread: Отказано в доступе. (0x5)
[0829/035907.065:ERROR:process_reader_win.cc(151)] SuspendThread: Отказано в доступе. (0x5)
[0829/035907.065:ERROR:process_reader_win.cc(151)] SuspendThread: Отказано в доступе. (0x5)
[0829/035907.065:ERROR:process_reader_win.cc(123)] NtOpenThread: {Отказано в доступе} Процесс запросил доступ к объекту, но права на доступ не предоставлены. (0xc0000022)
[0829/035907.065:ERROR:exception_snapshot_win.cc(99)] thread ID 13612 not found in process
[0829/041149.092:ERROR:process_reader_win.cc(123)] NtOpenThread: {Отказано в доступе} Процесс запросил доступ к объекту, но права на доступ не предоставлены. (0xc0000022)
[0829/041149.097:ERROR:exception_snapshot_win.cc(99)] thread ID 19044 not found in process
[0829/041149.134:ERROR:process_reader_win.cc(151)] SuspendThread: Отказано в доступе. (0x5)
[0829/041149.139:ERROR:process_reader_win.cc(123)] NtOpenThread: {Отказано в доступе} Процесс запросил доступ к объекту, но права на доступ не предоставлены. (0xc0000022)
[0829/041149.139:ERROR:exception_snapshot_win.cc(99)] thread ID 17576 not found in process
[0829/042524.852:ERROR:process_reader_win.cc(151)] SuspendThread: Отказано в доступе. (0x5)
[0829/042524.854:ERROR:process_reader_win.cc(151)] SuspendThread: Отказано в доступе. (0x5)
[0829/042524.854:ERROR:process_reader_win.cc(123)] NtOpenThread: {Отказано в доступе} Процесс запросил доступ к объекту, но права на доступ не предоставлены. (0xc0000022)
[0829/042524.858:ERROR:exception_snapshot_win.cc(99)] thread ID 17568 not found in process
[0829/042524.883:ERROR:process_reader_win.cc(151)] SuspendThread: Отказано в доступе. (0x5)
[0829/042524.883:ERROR:process_reader_win.cc(151)] SuspendThread: Отказано в доступе. (0x5)
[0829/042524.883:ERROR:process_reader_win.cc(151)] SuspendThread: Отказано в доступе. (0x5)
[0829/042524.883:ERROR:process_reader_win.cc(123)] NtOpenThread: {Отказано в доступе} Процесс запросил доступ к объекту, но права на доступ не предоставлены. (0xc0000022)
[0829/042524.883:ERROR:exception_snapshot_win.cc(99)] thread ID 13348 not found in process
